<?xml version="1.0" encoding="UTF-8"?>
<!-- Generated by org.testng.reporters.JUnitReportReporter -->
<testsuite skipped="0" hostname="Admins-MBP-2.Dlink" name="Day1.TestNGDemo" tests="1" failures="0" timestamp="24 Aug 2019 03:24:42 GMT" time="0.015" errors="0">
  <testcase name="testOne" time="0.015" classname="Day1.TestNGDemo"/>
</testsuite> <!-- Day1.TestNGDemo -->
