<?xml version="1.0" encoding="UTF-8"?>
<!-- Generated by org.testng.reporters.JUnitReportReporter -->
<testsuite skipped="0" hostname="Admins-MBP-2.Dlink" name="Day1.TestNGDemo" tests="6" failures="0" timestamp="24 Aug 2019 04:03:54 GMT" time="0.054" errors="0">
  <testcase name="url" time="0.006" classname="Day1.TestNGDemo"/>
  <testcase name="search" time="0.011" classname="Day1.TestNGDemo"/>
  <testcase name="login" time="0.001" classname="Day1.TestNGDemo"/>
  <testcase name="addCart" time="0.004" classname="Day1.TestNGDemo"/>
  <testcase name="addAdd" time="0.002" classname="Day1.TestNGDemo"/>
  <testcase name="cod" time="0.030" classname="Day1.TestNGDemo"/>
</testsuite> <!-- Day1.TestNGDemo -->
